Exception at PC 0x000007FEC19ABB93
Printing stacktrace...

Exception at PC 0x000007FEFDA7A06D
Exception at PC 0x000007FEFDA7A06D
Exception at PC 0x000007FEFDA7A06D
Exception at PC 0x000007FEFDA7A06D
Exception at PC 0x000007FEFDA7A06D
Exception at PC 0x000007FEFDA7A06D
Exception at PC 0x000007FEFDA7A06D
Exception at PC 0x000007FEFDA7A06D
Exception at PC 0x000007FEFDA7A06D
Exception at PC 0x000007FEFDA7A06D
Exception at PC 0x000007FEFDA7A06D
Exception at PC 0x000007FEFDA7A06D
Exception at PC 0x000007FEFDA7A06D
Exception at PC 0x000007FEFDA7A06D
[0]  [0x000007FEC19ABB93]
[1]  [0x000007FEC19ABB93]
[2]  [0x000007FEC19AB4A1]
[3]  [0x000007FEC19AB3EF]
[4]  [0x000007FEC19919FE]
[5]  [0x000007FEC1990ED1]
[6]  [0x000007FEC1990D76]
[7]  [0x000007FEC19379F6]
[8]  [0x000007FEC1927AFB]
[9]  [0x000007FEC1A4E90A]
[10]  [0x000007FEC1A69F87]
[11]  [0x000007FEC1A6A05F]
[12] (BaseThreadInitThunk+0xd) [0x0000000077AA59BD]
[13] (RtlUserThreadStart+0x21) [0x0000000077BDA2E1]
Done
Exception at PC 0x000007FEFDA7A06D
Exception at PC 0x000007FEFDA7A06D
Exception at PC 0x000007FEFDA7A06D
Exception at PC 0x000007FEFDA7A06D
