Exception at PC 0x000007FEFDA7A06D
Exception at PC 0x000007FEFDA7A06D
Exception at PC 0x000007FEFDA7A06D
Exception at PC 0x000007FEFDA7A06D
Exception at PC 0x000007FEFDA7A06D
Exception at PC 0x000007FEFDA7A06D
Exception at PC 0x000007FEC21BBB93
Printing stacktrace...

Exception at PC 0x000007FEFDA7A06D
Exception at PC 0x000007FEFDA7A06D
Exception at PC 0x000007FEFDA7A06D
[0]  [0x000007FEC21BBB93]
[1]  [0x000007FEC21BBB93]
[2]  [0x000007FEC21BB4A1]
[3]  [0x000007FEC21BB3EF]
[4]  [0x000007FEC21A19FE]
[5]  [0x000007FEC21A0ED1]
[6]  [0x000007FEC21A0D76]
[7]  [0x000007FEC21479F6]
[8]  [0x000007FEC2137AFB]
[9]  [0x000007FEC225E90A]
[10]  [0x000007FEC2279F87]
[11]  [0x000007FEC227A05F]
[12] (BaseThreadInitThunk+0xd) [0x0000000077AA59BD]
[13] (RtlUserThreadStart+0x21) [0x0000000077BDA2E1]
Done
Exception at PC 0x000007FEFDA7A06D
Exception at PC 0x000007FEFDA7A06D
Exception at PC 0x000007FEFDA7A06D
Exception at PC 0x000007FEFDA7A06D
Exception at PC 0x000007FEFDA7A06D
Exception at PC 0x000007FEFDA7A06D
Exception at PC 0x000007FEFDA7A06D
Exception at PC 0x000007FEFDA7A06D
Exception at PC 0x000007FEFDA7A06D
